<?xml version="1.0" encoding="UTF-8"?>
<testng-results ignored="0" total="5" passed="5" failed="0" skipped="0">
  <reporter-output>
  </reporter-output>
  <suite started-at="2022-06-24T18:34:47 BST" name="Default suite" finished-at="2022-06-24T18:35:00 BST" duration-ms="12858">
    <groups>
    </groups>
    <test started-at="2022-06-24T18:34:47 BST" name="Default test" finished-at="2022-06-24T18:35:00 BST" duration-ms="12858">
      <class name="com.application.test.ApplicationTest">
        <test-method is-config="true" signature="openBrowser()[pri:0, instance:com.application.test.ApplicationTest@53fdffa1]" started-at="2022-06-24T18:34:47 BST" name="openBrowser" finished-at="2022-06-24T18:34:49 BST" duration-ms="1966" status="PASS">
          <reporter-output>
          </reporter-output>
        </test-method> <!-- openBrowser -->
        <test-method signature="calculateLoanAmount()[pri:0, instance:com.application.test.ApplicationTest@53fdffa1]" started-at="2022-06-24T18:34:49 BST" name="calculateLoanAmount" finished-at="2022-06-24T18:34:51 BST" duration-ms="1956" status="PASS">
          <reporter-output>
          </reporter-output>
        </test-method> <!-- calculateLoanAmount -->
        <test-method is-config="true" signature="openBrowser()[pri:0, instance:com.application.test.ApplicationTest@53fdffa1]" started-at="2022-06-24T18:34:51 BST" name="openBrowser" finished-at="2022-06-24T18:34:53 BST" duration-ms="1607" status="PASS">
          <reporter-output>
          </reporter-output>
        </test-method> <!-- openBrowser -->
        <test-method signature="validateInputFields()[pri:0, instance:com.application.test.ApplicationTest@53fdffa1]" started-at="2022-06-24T18:34:53 BST" name="validateInputFields" finished-at="2022-06-24T18:34:53 BST" duration-ms="207" status="PASS">
          <reporter-output>
          </reporter-output>
        </test-method> <!-- validateInputFields -->
        <test-method is-config="true" signature="openBrowser()[pri:0, instance:com.application.test.ApplicationTest@53fdffa1]" started-at="2022-06-24T18:34:53 BST" name="openBrowser" finished-at="2022-06-24T18:34:55 BST" duration-ms="1773" status="PASS">
          <reporter-output>
          </reporter-output>
        </test-method> <!-- openBrowser -->
        <test-method signature="verifyApplicationTitle()[pri:0, instance:com.application.test.ApplicationTest@53fdffa1]" started-at="2022-06-24T18:34:55 BST" name="verifyApplicationTitle" finished-at="2022-06-24T18:34:55 BST" duration-ms="9" status="PASS">
          <reporter-output>
          </reporter-output>
        </test-method> <!-- verifyApplicationTitle -->
        <test-method is-config="true" signature="openBrowser()[pri:0, instance:com.application.test.ApplicationTest@53fdffa1]" started-at="2022-06-24T18:34:55 BST" name="openBrowser" finished-at="2022-06-24T18:34:56 BST" duration-ms="1770" status="PASS">
          <reporter-output>
          </reporter-output>
        </test-method> <!-- openBrowser -->
        <test-method signature="verifyTableRowsEqualToLoanTerm()[pri:0, instance:com.application.test.ApplicationTest@53fdffa1]" started-at="2022-06-24T18:34:56 BST" name="verifyTableRowsEqualToLoanTerm" finished-at="2022-06-24T18:34:58 BST" duration-ms="1114" status="PASS">
          <reporter-output>
          </reporter-output>
        </test-method> <!-- verifyTableRowsEqualToLoanTerm -->
        <test-method is-config="true" signature="openBrowser()[pri:0, instance:com.application.test.ApplicationTest@53fdffa1]" started-at="2022-06-24T18:34:58 BST" name="openBrowser" finished-at="2022-06-24T18:35:00 BST" duration-ms="2300" status="PASS">
          <reporter-output>
          </reporter-output>
        </test-method> <!-- openBrowser -->
        <test-method signature="verifyWebElements()[pri:0, instance:com.application.test.ApplicationTest@53fdffa1]" started-at="2022-06-24T18:35:00 BST" name="verifyWebElements" finished-at="2022-06-24T18:35:00 BST" duration-ms="124" status="PASS">
          <reporter-output>
          </reporter-output>
        </test-method> <!-- verifyWebElements -->
      </class> <!-- com.application.test.ApplicationTest -->
    </test> <!-- Default test -->
  </suite> <!-- Default suite -->
</testng-results>
