<?xml version="1.0" encoding="UTF-8"?>
<!-- Generated by org.testng.reporters.JUnitXMLReporter -->
<testsuite ignored="0" hostname="Home" failures="0" tests="5" name="Default test" time="12.858" errors="0" timestamp="2022-06-24T18:35:00 BST">
  <testcase classname="com.application.test.ApplicationTest" name="calculateLoanAmount" time="1.956"/>
  <testcase classname="com.application.test.ApplicationTest" name="validateInputFields" time="0.207"/>
  <testcase classname="com.application.test.ApplicationTest" name="verifyApplicationTitle" time="0.009"/>
  <testcase classname="com.application.test.ApplicationTest" name="verifyTableRowsEqualToLoanTerm" time="1.114"/>
  <testcase classname="com.application.test.ApplicationTest" name="verifyWebElements" time="0.124"/>
</testsuite> <!-- Default test -->
